[debug] [2023-01-05T15:56:22.266Z] ----------------------------------------------------------------------
[debug] [2023-01-05T15:56:22.267Z] Command:       C:\Program Files\nodejs\node.exe C:\Users\gargn\AppData\Roaming\npm\node_modules\firebase-tools\lib\bin\firebase.js init
[debug] [2023-01-05T15:56:22.268Z] CLI Version:   11.19.0
[debug] [2023-01-05T15:56:22.268Z] Platform:      win32
[debug] [2023-01-05T15:56:22.268Z] Node Version:  v16.17.0
[debug] [2023-01-05T15:56:22.269Z] Time:          Thu Jan 05 2023 21:26:22 GMT+0530 (India Standard Time)
[debug] [2023-01-05T15:56:22.270Z] ----------------------------------------------------------------------
[debug] 
[debug] [2023-01-05T15:56:22.277Z] > command requires scopes: ["email","openid","https://www.googleapis.com/auth/cloudplatformprojects.readonly","https://www.googleapis.com/auth/firebase","https://www.googleapis.com/auth/cloud-platform"]
[debug] [2023-01-05T15:56:22.278Z] > authorizing via signed-in user (garg.nitika1998@gmail.com)
[info] 
     ######## #### ########  ######## ########     ###     ######  ########
     ##        ##  ##     ## ##       ##     ##  ##   ##  ##       ##
     ######    ##  ########  ######   ########  #########  ######  ######
     ##        ##  ##    ##  ##       ##     ## ##     ##       ## ##
     ##       #### ##     ## ######## ########  ##     ##  ######  ########

You're about to initialize a Firebase project in this directory:

  C:\Users\gargn\OneDrive\Desktop\disney+hotstar clone\disney-clone

[info] 
=== Project Setup
[info] 
[info] First, let's associate this project directory with a Firebase project.
[info] You can create multiple project aliases by running firebase use --add, 
[info] but for now we'll just set up a default project.
[info] 
[debug] [2023-01-05T15:56:34.851Z] >>> [apiv2][query] GET https://firebase.googleapis.com/v1beta1/projects pageSize=100
[debug] [2023-01-05T15:56:35.881Z] <<< [apiv2][status] GET https://firebase.googleapis.com/v1beta1/projects 200
[debug] [2023-01-05T15:56:35.881Z] <<< [apiv2][body] GET https://firebase.googleapis.com/v1beta1/projects [omitted]
[info] i  Using project disneyplus-clone-79788 (DisneyPlus-clone) 
[info] 
=== Hosting Setup
[info] 
[info] Your public directory is the folder (relative to your project directory) that
[info] will contain Hosting assets to be uploaded with firebase deploy. If you
[info] have a build process for your assets, use your build's output directory.
[info] 
[debug] [2023-01-05T15:56:57.570Z] >>> [apiv2][query] GET https://www.gstatic.com/firebasejs/releases.json [none]
[debug] [2023-01-05T15:56:57.723Z] <<< [apiv2][status] GET https://www.gstatic.com/firebasejs/releases.json 200
[debug] [2023-01-05T15:56:57.723Z] <<< [apiv2][body] GET https://www.gstatic.com/firebasejs/releases.json {"current":{"version":"9.15.0","browserURL":"https://www.gstatic.com/firebasejs/9.15.0/firebase.js","packageURL":"https://www.gstatic.com/firebasejs/9.15.0/firebase.tgz"},"live":{"version":"9.15","browserURL":"https://www.gstatic.com/firebasejs/live/9.15/firebase.js","packageURL":"https://www.gstatic.com/firebasejs/live/9.15/firebase.tgz"},"components":{"analytics":"https://www.gstatic.com/firebasejs/9.15.0/firebase-analytics.js","app":"https://www.gstatic.com/firebasejs/9.15.0/firebase-app.js","app-check":"https://www.gstatic.com/firebasejs/9.15.0/firebase-app-check.js","auth":"https://www.gstatic.com/firebasejs/9.15.0/firebase-auth.js","auth/cordova":"https://www.gstatic.com/firebasejs/9.15.0/firebase-auth/cordova.js","auth/react-native":"https://www.gstatic.com/firebasejs/9.15.0/firebase-auth/react-native.js","functions":"https://www.gstatic.com/firebasejs/9.15.0/firebase-functions.js","firestore":"https://www.gstatic.com/firebasejs/9.15.0/firebase-firestore.js","firestore/lite":"https://www.gstatic.com/firebasejs/9.15.0/firebase-firestore/lite.js","installations":"https://www.gstatic.com/firebasejs/9.15.0/firebase-installations.js","storage":"https://www.gstatic.com/firebasejs/9.15.0/firebase-storage.js","performance":"https://www.gstatic.com/firebasejs/9.15.0/firebase-performance.js","remote-config":"https://www.gstatic.com/firebasejs/9.15.0/firebase-remote-config.js","messaging":"https://www.gstatic.com/firebasejs/9.15.0/firebase-messaging.js","messaging/sw":"https://www.gstatic.com/firebasejs/9.15.0/firebase-messaging/sw.js","database":"https://www.gstatic.com/firebasejs/9.15.0/firebase-database.js","firestore.memory":"https://www.gstatic.com/firebasejs/9.15.0/firebase-firestore.memory.js"}}
[info] i  Skipping write of build/index.html 
[info] 
[info] i  Detected a .git folder at C:\Users\gargn\OneDrive\Desktop\disney+hotstar clone\disney-clone 
[info] i  Authorizing with GitHub to upload your service account to a GitHub repository's secrets store. 
[info] 
[info] Visit this URL on this device to log in:
[info] https://github.com/login/oauth/authorize?client_id=89cf50f02ac6aaed3484&state=914353896&redirect_uri=http%3A%2F%2Flocalhost%3A9005&scope=read%3Auser%20repo%20public_repo
[info] 
[info] Waiting for authentication...
[debug] [2023-01-05T15:57:12.808Z] >>> [apiv2][query] POST https://github.com/login/oauth/access_token [none]
[debug] [2023-01-05T15:57:12.808Z] >>> [apiv2][body] POST https://github.com/login/oauth/access_token [stream]
[debug] [2023-01-05T15:57:13.308Z] <<< [apiv2][status] POST https://github.com/login/oauth/access_token 200
[debug] [2023-01-05T15:57:13.308Z] <<< [apiv2][body] POST https://github.com/login/oauth/access_token {"access_token":"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","token_type":"bearer","scope":"read:user,repo"}
[debug] [2023-01-05T15:57:13.316Z] >>> [apiv2][query] GET https://api.github.com/user [none]
[debug] [2023-01-05T15:57:14.172Z] <<< [apiv2][status] GET https://api.github.com/user 200
[debug] [2023-01-05T15:57:14.172Z] <<< [apiv2][body] GET https://api.github.com/user {"login":"nitika02","id":36486523,"node_id":"MDQ6VXNlcjM2NDg2NTIz","avatar_url":"https://avatars.githubusercontent.com/u/36486523?v=4","gravatar_id":"","url":"https://api.github.com/users/nitika02","html_url":"https://github.com/nitika02","followers_url":"https://api.github.com/users/nitika02/followers","following_url":"https://api.github.com/users/nitika02/following{/other_user}","gists_url":"https://api.github.com/users/nitika02/gists{/gist_id}","starred_url":"https://api.github.com/users/nitika02/starred{/owner}{/repo}","subscriptions_url":"https://api.github.com/users/nitika02/subscriptions","organizations_url":"https://api.github.com/users/nitika02/orgs","repos_url":"https://api.github.com/users/nitika02/repos","events_url":"https://api.github.com/users/nitika02/events{/privacy}","received_events_url":"https://api.github.com/users/nitika02/received_events","type":"User","site_admin":false,"name":"Nitika garg","company":null,"blog":"https://nitika-garg-portfolio-02.netlify.app/","location":"Faridkot, Punjab","email":null,"hireable":null,"bio":"I' m a Frontend web developer. I love combining the worlds of logic and creative design to make eye-catching, acessible, and user-friendly websites","twitter_username":null,"public_repos":29,"public_gists":0,"followers":2,"following":1,"created_at":"2018-02-14T18:41:09Z","updated_at":"2022-12-21T20:21:14Z","private_gists":0,"total_private_repos":1,"owned_private_repos":1,"disk_usage":19347,"collaborators":0,"two_factor_authentication":false,"plan":{"name":"free","space":976562499,"collaborators":0,"private_repos":10000}}
[info] 
[info] +  Success! Logged into GitHub as nitika02 
[info] 
[debug] [2023-01-05T15:57:33.396Z] >>> [apiv2][query] GET https://api.github.com/repos/r/actions/secrets/public-key type=owner
[debug] [2023-01-05T15:57:33.792Z] <<< [apiv2][status] GET https://api.github.com/repos/r/actions/secrets/public-key 404
[debug] [2023-01-05T15:57:33.792Z] <<< [apiv2][body] GET https://api.github.com/repos/r/actions/secrets/public-key {"message":"Not Found","documentation_url":"https://docs.github.com/rest"}
[debug] [2023-01-05T15:57:39.789Z] >>> [apiv2][query] GET https://api.github.com/repos/r/actions/secrets/public-key type=owner
[debug] [2023-01-05T15:57:40.165Z] <<< [apiv2][status] GET https://api.github.com/repos/r/actions/secrets/public-key 404
[debug] [2023-01-05T15:57:40.165Z] <<< [apiv2][body] GET https://api.github.com/repos/r/actions/secrets/public-key {"message":"Not Found","documentation_url":"https://docs.github.com/rest"}
[debug] [2023-01-05T15:57:40.998Z] >>> [apiv2][query] GET https://api.github.com/repos//actions/secrets/public-key type=owner
[debug] [2023-01-05T15:57:41.369Z] <<< [apiv2][status] GET https://api.github.com/repos//actions/secrets/public-key 404
[debug] [2023-01-05T15:57:41.369Z] <<< [apiv2][body] GET https://api.github.com/repos//actions/secrets/public-key {"message":"Not Found","documentation_url":"https://docs.github.com/rest"}
